#
# There is insufficient memory for the Java Runtime Environment to continue.
# Native memory allocation (malloc) failed to allocate 1396432 bytes for Chunk::new
# Possible reasons:
#   The system is out of physical RAM or swap space
#   The process is running with CompressedOops enabled, and the Java Heap may be blocking the growth of the native heap
# Possible solutions:
#   Reduce memory load on the system
#   Increase physical memory or swap space
#   Check if swap backing store is full
#   Decrease Java heap size (-Xmx/-Xms)
#   Decrease number of Java threads
#   Decrease Java thread stack sizes (-Xss)
#   Set larger code cache with -XX:ReservedCodeCacheSize=
#   JVM is running with Unscaled Compressed Oops mode in which the Java heap is
#     placed in the first 4GB address space. The Java Heap base address is the
#     maximum limit for the native heap growth. Please use -XX:HeapBaseMinAddress
#     to set the Java Heap base and to place the Java Heap above 4GB virtual address.
# This output file may be truncated or incomplete.
#
#  Out of Memory Error (allocation.cpp:389), pid=6224, tid=0x0000000000000580
#
# JRE version: OpenJDK Runtime Environment (8.0_242-b01) (build 1.8.0_242-release-1644-b01)
# Java VM: OpenJDK 64-Bit Server VM (25.242-b01 mixed mode windows-amd64 compressed oops)
# Failed to write core dump. Minidumps are not enabled by default on client versions of Windows
#

---------------  T H R E A D  ---------------

Current thread (0x0000000017397800):  JavaThread "C2 CompilerThread1" daemon [_thread_in_native, id=1408, stack(0x0000000017c60000,0x0000000017d60000)]

Stack: [0x0000000017c60000,0x0000000017d60000]
[error occurred during error reporting (printing stack bounds), id 0xc0000005]

Native frames: (J=compiled Java code, j=interpreted, Vv=VM code, C=native code)


Current CompileTask:
C2: 156210 11789       4       org.objectweb.asm.ClassReader::readCode (5089 bytes)


---------------  P R O C E S S  ---------------

Java Threads: ( => current thread )
  0x000000001a2ba000 JavaThread "Memory manager" [_thread_blocked, id=12608, stack(0x000000002e6f0000,0x000000002e7f0000)]
  0x000000001a2bb800 JavaThread "Cache worker for execution history cache (E:\Dicoding\Garbage\.gradle\6.5\executionHistory)" [_thread_blocked, id=18008, stack(0x000000002e5f0000,0x000000002e6f0000)]
  0x000000001a2b8800 JavaThread "jar transforms Thread 134" [_thread_blocked, id=4280, stack(0x000000002c800000,0x000000002c900000)]
  0x000000001a0c2000 JavaThread "jar transforms Thread 133" [_thread_blocked, id=4000, stack(0x000000002c700000,0x000000002c800000)]
  0x000000001a0c1000 JavaThread "jar transforms Thread 132" [_thread_blocked, id=21728, stack(0x000000002c600000,0x000000002c700000)]
  0x000000001a0c0800 JavaThread "jar transforms Thread 131" [_thread_blocked, id=20216, stack(0x000000002c500000,0x000000002c600000)]
  0x000000001a0bf800 JavaThread "jar transforms Thread 130" [_thread_blocked, id=9628, stack(0x000000002c400000,0x000000002c500000)]
  0x000000001a0b8000 JavaThread "jar transforms Thread 129" [_thread_blocked, id=5448, stack(0x000000002c300000,0x000000002c400000)]
  0x000000001a0bf000 JavaThread "jar transforms Thread 128" [_thread_blocked, id=3468, stack(0x000000002c200000,0x000000002c300000)]
  0x000000001a0b7800 JavaThread "jar transforms Thread 127" [_thread_blocked, id=18756, stack(0x000000002c100000,0x000000002c200000)]
  0x000000001a0be000 JavaThread "jar transforms Thread 126" [_thread_blocked, id=16616, stack(0x000000002c000000,0x000000002c100000)]
  0x000000001a0bc800 JavaThread "jar transforms Thread 125" [_thread_blocked, id=22724, stack(0x000000002bf00000,0x000000002c000000)]
  0x000000001a0bc000 JavaThread "jar transforms Thread 124" [_thread_blocked, id=9244, stack(0x000000002be00000,0x000000002bf00000)]
  0x000000001a0bd800 JavaThread "jar transforms Thread 123" [_thread_blocked, id=16624, stack(0x000000002bd00000,0x000000002be00000)]
  0x000000001a0b4800 JavaThread "jar transforms Thread 122" [_thread_blocked, id=4452, stack(0x000000002bc00000,0x000000002bd00000)]
  0x000000001a0b6000 JavaThread "jar transforms Thread 121" [_thread_blocked, id=22732, stack(0x000000002bb00000,0x000000002bc00000)]
  0x000000001a0b9800 JavaThread "jar transforms Thread 120" [_thread_blocked, id=14168, stack(0x000000002ba00000,0x000000002bb00000)]
  0x000000001a0b9000 JavaThread "jar transforms Thread 119" [_thread_blocked, id=21916, stack(0x000000002b900000,0x000000002ba00000)]
  0x000000001a0b6800 JavaThread "jar transforms Thread 118" [_thread_blocked, id=3904, stack(0x000000002b800000,0x000000002b900000)]
  0x000000001a0bb000 JavaThread "jar transforms Thread 117" [_thread_blocked, id=20616, stack(0x000000002b700000,0x000000002b800000)]
  0x000000001a0ba800 JavaThread "jar transforms Thread 116" [_thread_blocked, id=19716, stack(0x000000002b600000,0x000000002b700000)]
  0x000000001a0b3000 JavaThread "jar transforms Thread 115" [_thread_blocked, id=7248, stack(0x000000002b500000,0x000000002b600000)]
  0x000000001a0b5000 JavaThread "jar transforms Thread 114" [_thread_blocked, id=15856, stack(0x000000002b400000,0x000000002b500000)]
  0x000000001a0b3800 JavaThread "jar transforms Thread 113" [_thread_blocked, id=17520, stack(0x000000002b300000,0x000000002b400000)]
  0x000000001a8fb800 JavaThread "jar transforms Thread 112" [_thread_blocked, id=19504, stack(0x000000002b200000,0x000000002b300000)]
  0x000000001a8fb000 JavaThread "jar transforms Thread 111" [_thread_blocked, id=16268, stack(0x000000002b100000,0x000000002b200000)]
  0x000000001a8fe000 JavaThread "jar transforms Thread 110" [_thread_blocked, id=22344, stack(0x000000002b000000,0x000000002b100000)]
  0x000000001a8f9800 JavaThread "jar transforms Thread 109" [_thread_blocked, id=7420, stack(0x000000002af00000,0x000000002b000000)]
  0x000000001a8f6800 JavaThread "jar transforms Thread 108" [_thread_blocked, id=3408, stack(0x000000002ae00000,0x000000002af00000)]
  0x000000001a8fd000 JavaThread "jar transforms Thread 107" [_thread_blocked, id=21204, stack(0x000000002ad00000,0x000000002ae00000)]
  0x000000001a8fa000 JavaThread "jar transforms Thread 106" [_thread_blocked, id=20800, stack(0x000000002ac00000,0x000000002ad00000)]
  0x000000001a8fc800 JavaThread "jar transforms Thread 105" [_thread_blocked, id=15016, stack(0x000000002ab00000,0x000000002ac00000)]
  0x000000001a8f8800 JavaThread "jar transforms Thread 104" [_thread_blocked, id=12292, stack(0x000000002aa00000,0x000000002ab00000)]
  0x000000001a8f7000 JavaThread "jar transforms Thread 103" [_thread_blocked, id=10740, stack(0x000000002a900000,0x000000002aa00000)]
  0x000000001a8f8000 JavaThread "jar transforms Thread 102" [_thread_blocked, id=23508, stack(0x000000002a800000,0x000000002a900000)]
  0x000000001a8ef000 JavaThread "jar transforms Thread 101" [_thread_blocked, id=2024, stack(0x000000002a700000,0x000000002a800000)]
  0x000000001a8f2000 JavaThread "jar transforms Thread 100" [_thread_blocked, id=21088, stack(0x000000002a600000,0x000000002a700000)]
  0x000000001a8f0800 JavaThread "jar transforms Thread 99" [_thread_blocked, id=17120, stack(0x000000002a500000,0x000000002a600000)]
  0x000000001a8f2800 JavaThread "jar transforms Thread 98" [_thread_blocked, id=19160, stack(0x000000002a400000,0x000000002a500000)]
  0x000000001a8f5800 JavaThread "jar transforms Thread 97" [_thread_blocked, id=23072, stack(0x000000002a300000,0x000000002a400000)]
  0x000000001a8f4000 JavaThread "jar transforms Thread 96" [_thread_blocked, id=23184, stack(0x000000002a200000,0x000000002a300000)]
  0x000000001a8f1000 JavaThread "jar transforms Thread 95" [_thread_blocked, id=7856, stack(0x000000002a100000,0x000000002a200000)]
  0x000000001a8f3800 JavaThread "jar transforms Thread 94" [_thread_blocked, id=16448, stack(0x000000002a000000,0x000000002a100000)]
  0x000000001a8f5000 JavaThread "jar transforms Thread 93" [_thread_blocked, id=9892, stack(0x0000000029f00000,0x000000002a000000)]
  0x000000001a8ef800 JavaThread "jar transforms Thread 92" [_thread_blocked, id=22460, stack(0x0000000029e00000,0x0000000029f00000)]
  0x000000001e4bf000 JavaThread "jar transforms Thread 91" [_thread_blocked, id=19016, stack(0x0000000029d00000,0x0000000029e00000)]
  0x000000001e4c4000 JavaThread "jar transforms Thread 90" [_thread_blocked, id=11460, stack(0x0000000029c00000,0x0000000029d00000)]
  0x000000001e4c3800 JavaThread "jar transforms Thread 89" [_thread_blocked, id=22692, stack(0x0000000029b00000,0x0000000029c00000)]
  0x000000001e4c2800 JavaThread "jar transforms Thread 88" [_thread_blocked, id=7108, stack(0x0000000029a00000,0x0000000029b00000)]
  0x000000001e4c5000 JavaThread "jar transforms Thread 87" [_thread_blocked, id=13104, stack(0x0000000029900000,0x0000000029a00000)]
  0x000000001e4bb000 JavaThread "jar transforms Thread 86" [_thread_blocked, id=12764, stack(0x0000000029800000,0x0000000029900000)]
  0x000000001e4bc000 JavaThread "jar transforms Thread 85" [_thread_blocked, id=21072, stack(0x0000000029700000,0x0000000029800000)]
  0x000000001e4c1000 JavaThread "jar transforms Thread 84" [_thread_blocked, id=3692, stack(0x0000000029600000,0x0000000029700000)]
  0x000000001e4bf800 JavaThread "jar transforms Thread 83" [_thread_blocked, id=12976, stack(0x0000000029500000,0x0000000029600000)]
  0x000000001e4c0800 JavaThread "jar transforms Thread 82" [_thread_blocked, id=10448, stack(0x0000000029400000,0x0000000029500000)]
  0x000000001e4c2000 JavaThread "jar transforms Thread 81" [_thread_blocked, id=19220, stack(0x0000000029300000,0x0000000029400000)]
  0x000000001e4be000 JavaThread "jar transforms Thread 80" [_thread_blocked, id=18640, stack(0x0000000029200000,0x0000000029300000)]
  0x000000001e4bd800 JavaThread "jar transforms Thread 79" [_thread_blocked, id=15500, stack(0x0000000029100000,0x0000000029200000)]
  0x000000001e4b9000 JavaThread "jar transforms Thread 78" [_thread_blocked, id=3704, stack(0x0000000029000000,0x0000000029100000)]
  0x000000001e4ba800 JavaThread "jar transforms Thread 77" [_thread_blocked, id=18396, stack(0x0000000028f00000,0x0000000029000000)]
  0x000000001e4b7800 JavaThread "jar transforms Thread 76" [_thread_blocked, id=15860, stack(0x0000000028e00000,0x0000000028f00000)]
  0x000000001e4b6000 JavaThread "jar transforms Thread 75" [_thread_blocked, id=8540, stack(0x0000000028d00000,0x0000000028e00000)]
  0x000000001e4b6800 JavaThread "jar transforms Thread 74" [_thread_blocked, id=23476, stack(0x0000000028c00000,0x0000000028d00000)]
  0x000000001e4b9800 JavaThread "jar transforms Thread 73" [_thread_blocked, id=18244, stack(0x0000000028b00000,0x0000000028c00000)]
  0x000000001e4b8000 JavaThread "jar transforms Thread 72" [_thread_blocked, id=18160, stack(0x0000000028a00000,0x0000000028b00000)]
  0x000000001e4bc800 JavaThread "jar transforms Thread 71" [_thread_blocked, id=11748, stack(0x0000000028900000,0x0000000028a00000)]
  0x0000000018d50000 JavaThread "jar transforms Thread 70" [_thread_blocked, id=2292, stack(0x0000000028800000,0x0000000028900000)]
  0x0000000018d4f800 JavaThread "jar transforms Thread 69" [_thread_blocked, id=19764, stack(0x0000000028700000,0x0000000028800000)]
  0x0000000018d4e800 JavaThread "jar transforms Thread 68" [_thread_blocked, id=12144, stack(0x0000000028600000,0x0000000028700000)]
  0x0000000018d4e000 JavaThread "jar transforms Thread 67" [_thread_blocked, id=22328, stack(0x0000000028500000,0x0000000028600000)]
  0x0000000018d54800 JavaThread "jar transforms Thread 66" [_thread_blocked, id=16412, stack(0x0000000028400000,0x0000000028500000)]
  0x0000000018d52800 JavaThread "jar transforms Thread 65" [_thread_blocked, id=12756, stack(0x0000000028300000,0x0000000028400000)]
  0x0000000018d51800 JavaThread "jar transforms Thread 64" [_thread_blocked, id=20368, stack(0x0000000028200000,0x0000000028300000)]
  0x0000000018d51000 JavaThread "jar transforms Thread 63" [_thread_blocked, id=13976, stack(0x0000000028100000,0x0000000028200000)]
  0x0000000018d54000 JavaThread "jar transforms Thread 62" [_thread_blocked, id=2580, stack(0x0000000028000000,0x0000000028100000)]
  0x0000000018d53000 JavaThread "jar transforms Thread 61" [_thread_blocked, id=13832, stack(0x0000000027f00000,0x0000000028000000)]
  0x0000000018d46800 JavaThread "jar transforms Thread 60" [_thread_blocked, id=14000, stack(0x0000000027e00000,0x0000000027f00000)]
  0x0000000018d4d000 JavaThread "jar transforms Thread 59" [_thread_blocked, id=8012, stack(0x0000000027d00000,0x0000000027e00000)]
  0x0000000018d4c800 JavaThread "jar transforms Thread 58" [_thread_blocked, id=17016, stack(0x0000000027c00000,0x0000000027d00000)]
  0x0000000018d4a000 JavaThread "jar transforms Thread 57" [_thread_blocked, id=14344, stack(0x0000000027b00000,0x0000000027c00000)]
  0x0000000018d49800 JavaThread "jar transforms Thread 56" [_thread_blocked, id=12912, stack(0x0000000027a00000,0x0000000027b00000)]
  0x0000000018d48800 JavaThread "jar transforms Thread 55" [_thread_blocked, id=11464, stack(0x0000000027900000,0x0000000027a00000)]
  0x0000000018d48000 JavaThread "jar transforms Thread 54" [_thread_blocked, id=13324, stack(0x0000000027800000,0x0000000027900000)]
  0x0000000018d47000 JavaThread "jar transforms Thread 53" [_thread_blocked, id=21864, stack(0x0000000027700000,0x0000000027800000)]
  0x0000000018d45800 JavaThread "jar transforms Thread 52" [_thread_blocked, id=22808, stack(0x0000000027600000,0x0000000027700000)]
  0x0000000018d4b800 JavaThread "jar transforms Thread 51" [_thread_blocked, id=2040, stack(0x0000000027500000,0x0000000027600000)]
  0x0000000018d4b000 JavaThread "jar transforms Thread 50" [_thread_blocked, id=11688, stack(0x0000000027400000,0x0000000027500000)]
  0x0000000018584800 JavaThread "jar transforms Thread 49" [_thread_blocked, id=17492, stack(0x0000000027300000,0x0000000027400000)]
  0x0000000018584000 JavaThread "jar transforms Thread 48" [_thread_blocked, id=14864, stack(0x0000000027200000,0x0000000027300000)]
  0x0000000018583000 JavaThread "jar transforms Thread 47" [_thread_blocked, id=9176, stack(0x0000000027100000,0x0000000027200000)]
  0x0000000018587000 JavaThread "jar transforms Thread 46" [_thread_blocked, id=13144, stack(0x0000000027000000,0x0000000027100000)]
  0x0000000018587800 JavaThread "jar transforms Thread 45" [_thread_blocked, id=12436, stack(0x0000000026f00000,0x0000000027000000)]
  0x0000000018586000 JavaThread "jar transforms Thread 44" [_thread_blocked, id=22900, stack(0x0000000026e00000,0x0000000026f00000)]
  0x0000000018582800 JavaThread "jar transforms Thread 43" [_thread_blocked, id=20812, stack(0x0000000026d00000,0x0000000026e00000)]
  0x0000000018559000 JavaThread "jar transforms Thread 42" [_thread_blocked, id=17592, stack(0x0000000026c00000,0x0000000026d00000)]
  0x0000000018557800 JavaThread "jar transforms Thread 41" [_thread_blocked, id=16060, stack(0x0000000026b00000,0x0000000026c00000)]
  0x0000000018557000 JavaThread "jar transforms Thread 40" [_thread_blocked, id=14416, stack(0x0000000026a00000,0x0000000026b00000)]
  0x0000000018556000 JavaThread "jar transforms Thread 39" [_thread_blocked, id=19028, stack(0x0000000026900000,0x0000000026a00000)]
  0x000000001855a000 JavaThread "jar transforms Thread 38" [_thread_blocked, id=19828, stack(0x0000000026800000,0x0000000026900000)]
  0x0000000018558800 JavaThread "jar transforms Thread 37" [_thread_blocked, id=11656, stack(0x0000000026700000,0x0000000026800000)]
  0x000000001855b800 JavaThread "jar transforms Thread 36" [_thread_blocked, id=19192, stack(0x0000000026600000,0x0000000026700000)]
  0x0000000018551000 JavaThread "jar transforms Thread 35" [_thread_blocked, id=17784, stack(0x0000000026500000,0x0000000026600000)]
  0x0000000018554000 JavaThread "jar transforms Thread 34" [_thread_blocked, id=14780, stack(0x0000000026400000,0x0000000026500000)]
  0x0000000018553000 JavaThread "jar transforms Thread 33" [_thread_blocked, id=17528, stack(0x0000000026300000,0x0000000026400000)]
  0x0000000018552800 JavaThread "jar transforms Thread 32" [_thread_blocked, id=14944, stack(0x0000000026200000,0x0000000026300000)]
  0x0000000018555800 JavaThread "jar transforms Thread 31" [_thread_blocked, id=15244, stack(0x0000000026100000,0x0000000026200000)]
  0x0000000018551800 JavaThread "jar transforms Thread 30" [_thread_blocked, id=1168, stack(0x0000000026000000,0x0000000026100000)]
  0x000000001cd11800 JavaThread "jar transforms Thread 29" [_thread_blocked, id=21732, stack(0x0000000025f00000,0x0000000026000000)]
  0x000000001cd13000 JavaThread "jar transforms Thread 28" [_thread_blocked, id=4548, stack(0x0000000025e00000,0x0000000025f00000)]
  0x000000001cd12800 JavaThread "jar transforms Thread 27" [_thread_blocked, id=21716, stack(0x0000000025d00000,0x0000000025e00000)]
  0x000000001cd11000 JavaThread "jar transforms Thread 26" [_thread_blocked, id=12496, stack(0x0000000025c00000,0x0000000025d00000)]
  0x000000001cd10000 JavaThread "jar transforms Thread 25" [_thread_blocked, id=3208, stack(0x0000000025b00000,0x0000000025c00000)]
  0x000000001cd08800 JavaThread "jar transforms Thread 24" [_thread_blocked, id=17640, stack(0x0000000025a00000,0x0000000025b00000)]
  0x000000001cd0d000 JavaThread "jar transforms Thread 23" [_thread_blocked, id=2604, stack(0x0000000025900000,0x0000000025a00000)]
  0x000000001cd0f800 JavaThread "jar transforms Thread 22" [_thread_blocked, id=16916, stack(0x0000000025800000,0x0000000025900000)]
  0x000000001cd0c800 JavaThread "jar transforms Thread 21" [_thread_blocked, id=23396, stack(0x0000000025700000,0x0000000025800000)]
  0x000000001cd08000 JavaThread "Build operations Thread 8" [_thread_blocked, id=22792, stack(0x0000000025400000,0x0000000025500000)]
  0x000000001cd0a000 JavaThread "Build operations Thread 7" [_thread_blocked, id=21156, stack(0x0000000025300000,0x0000000025400000)]
  0x000000001cd0e800 JavaThread "Build operations Thread 6" [_thread_blocked, id=20700, stack(0x0000000025200000,0x0000000025300000)]
  0x000000001cd0e000 JavaThread "Build operations Thread 5" [_thread_blocked, id=18664, stack(0x0000000025100000,0x0000000025200000)]
  0x000000001cd04000 JavaThread "Build operations Thread 4" [_thread_blocked, id=7792, stack(0x0000000025000000,0x0000000025100000)]
  0x000000001cd05800 JavaThread "Build operations Thread 3" [_thread_blocked, id=7576, stack(0x0000000024f00000,0x0000000025000000)]
  0x000000001cd04800 JavaThread "Build operations Thread 2" [_thread_blocked, id=11936, stack(0x0000000024e00000,0x0000000024f00000)]
  0x000000001cd09800 JavaThread "Build operations" [_thread_blocked, id=13492, stack(0x0000000024a50000,0x0000000024b50000)]
  0x000000001cd07000 JavaThread "Cache worker for Build Output Cleanup Cache (E:\Dicoding\Garbage\.gradle\buildOutputCleanup)" [_thread_blocked, id=5508, stack(0x0000000021980000,0x0000000021a80000)]
  0x000000001855e800 JavaThread "Cache worker for file content cache (C:\Users\Achmad Khodzim\.gradle\caches\6.5\fileContent)" [_thread_blocked, id=22020, stack(0x0000000021880000,0x0000000021980000)]
  0x000000001855d000 JavaThread "Cache worker for execution history cache (C:\Users\Achmad Khodzim\.gradle\caches\6.5\executionHistory)" [_thread_blocked, id=17252, stack(0x0000000021380000,0x0000000021480000)]
  0x000000001855c000 JavaThread "Cache worker for cache directory md-rule (C:\Users\Achmad Khodzim\.gradle\caches\6.5\md-rule)" [_thread_blocked, id=7644, stack(0x0000000021080000,0x0000000021180000)]
  0x0000000018554800 JavaThread "Cache worker for cache directory md-supplier (C:\Users\Achmad Khodzim\.gradle\caches\6.5\md-supplier)" [_thread_blocked, id=21052, stack(0x0000000020f80000,0x0000000021080000)]
  0x000000001855a800 JavaThread "Cache worker for checksums cache (E:\Dicoding\Garbage\.gradle\checksums)" [_thread_blocked, id=20120, stack(0x0000000020e80000,0x0000000020f80000)]
  0x0000000018585800 JavaThread "Cache worker for file hash cache (E:\Dicoding\Garbage\.gradle\6.5\fileHashes)" [_thread_blocked, id=22700, stack(0x000000001e520000,0x000000001e620000)]
  0x0000000018581800 JavaThread "Cache worker for file hash cache (C:\Users\Achmad Khodzim\.gradle\caches\6.5\fileHashes)" [_thread_blocked, id=21764, stack(0x000000001c280000,0x000000001c380000)]
  0x0000000018581000 JavaThread "File lock request listener" [_thread_in_native, id=23216, stack(0x000000001c180000,0x000000001c280000)]
  0x0000000019fea800 JavaThread "Cache worker for journal cache (C:\Users\Achmad Khodzim\.gradle\caches\journal-1)" [_thread_blocked, id=6404, stack(0x000000001c080000,0x000000001c180000)]
  0x0000000019e46000 JavaThread "Thread-9" [_thread_blocked, id=22148, stack(0x000000001bd80000,0x000000001be80000)]
  0x0000000019d7f800 JavaThread "Asynchronous log dispatcher for DefaultDaemonConnection: socket connection from /127.0.0.1:61279 to /127.0.0.1:61280" [_thread_blocked, id=22664, stack(0x000000001bb80000,0x000000001bc80000)]
  0x0000000019d7a800 JavaThread "Daemon worker" [_thread_in_vm, id=3116, stack(0x000000001ba80000,0x000000001bb80000)]
  0x0000000019ea7000 JavaThread "Cancel handler" [_thread_blocked, id=11948, stack(0x000000001b880000,0x000000001b980000)]
  0x0000000019d5e000 JavaThread "Handler for socket connection from /127.0.0.1:61279 to /127.0.0.1:61280" [_thread_in_native, id=15348, stack(0x000000001b780000,0x000000001b880000)]
  0x0000000019d5b000 JavaThread "Daemon" [_thread_blocked, id=22548, stack(0x000000001b680000,0x000000001b780000)]
  0x0000000019c89000 JavaThread "Daemon periodic checks" [_thread_blocked, id=15284, stack(0x000000001b380000,0x000000001b480000)]
  0x00000000197ff000 JavaThread "Incoming local TCP Connector on port 61279" [_thread_in_native, id=9672, stack(0x000000001b140000,0x000000001b240000)]
  0x000000001999a800 JavaThread "Daemon health stats" [_thread_blocked, id=20608, stack(0x000000001ab00000,0x000000001ac00000)]
  0x0000000017430000 JavaThread "Service Thread" daemon [_thread_blocked, id=1496, stack(0x0000000017f60000,0x0000000018060000)]
  0x00000000173a3000 JavaThread "C1 CompilerThread3" daemon [_thread_blocked, id=14852, stack(0x0000000017e60000,0x0000000017f60000)]
  0x000000001739f000 JavaThread "C2 CompilerThread2" daemon [_thread_in_native, id=13916, stack(0x0000000017d60000,0x0000000017e60000)]
=>0x0000000017397800 JavaThread "C2 CompilerThread1" daemon [_thread_in_native, id=1408, stack(0x0000000017c60000,0x0000000017d60000)]
  0x0000000017391800 JavaThread "C2 CompilerThread0" daemon [_thread_in_native, id=6752, stack(0x0000000017b60000,0x0000000017c60000)]
  0x000000001738f800 JavaThread "Attach Listener" daemon [_thread_blocked, id=20744, stack(0x0000000017a60000,0x0000000017b60000)]
  0x000000001558e000 JavaThread "Signal Dispatcher" daemon [_thread_blocked, id=10200, stack(0x0000000017960000,0x0000000017a60000)]
  0x0000000002a59000 JavaThread "Finalizer" daemon [_thread_blocked, id=20692, stack(0x0000000017860000,0x0000000017960000)]
  0x0000000002a56800 JavaThread "Reference Handler" daemon [_thread_blocked, id=17440, stack(0x0000000017760000,0x0000000017860000)]
  0x0000000002962800 JavaThread "main" [_thread_blocked, id=19636, stack(0x0000000002860000,0x0000000002960000)]

Other Threads:
  0x0000000015578000 VMThread [stack: 0x0000000017260000,0x0000000017360000] [id=18440]
  0x0000000017431000 WatcherThread [stack: 0x0000000018060000,0x0000000018160000] [id=7508]

VM state:not at safepoint (normal execution)

VM Mutex/Monitor currently owned by a thread: None

heap address: 0x00000000c0000000, size: 1024 MB, Compressed Oops mode: 32-bit
Narrow klass base: 0x0000000000000000, Narrow klass shift: 3
Compressed class space size: 1073741824 Address: 0x0000000100000000

Heap:
 PSYoungGen      total 286720K, used 169246K [0x00000000eab00000, 0x0000000100000000, 0x0000000100000000)
  eden space 253440K, 60% used [0x00000000eab00000,0x00000000f4044698,0x00000000fa280000)
  from space 33280K, 49% used [0x00000000fa280000,0x00000000fb2834e0,0x00000000fc300000)
  to   space 31744K, 0% used [0x00000000fe100000,0x00000000fe100000,0x0000000100000000)
 ParOldGen       total 218112K, used 58242K [0x00000000c0000000, 0x00000000cd500000, 0x00000000eab00000)
  object space 218112K, 26% used [0x00000000c0000000,0x00000000c38e0b30,0x00000000cd500000)
 Metaspace       used 87887K, capacity 92860K, committed 93076K, reserved 1130496K
  class space    used 11719K, capacity 12635K, committed 12732K, reserved 1048576K

Card table byte_map: [0x0000000011e20000,0x0000000012030000] byte_map_base: 0x0000000011820000

Marking Bits: (ParMarkBitMap*) 0x00000000652df030
 Begin Bits: [0x0000000012990000, 0x0000000013990000)
 End Bits:   [0x0000000013990000, 0x0000000014990000)

Polling page: 0x00000000009d0000

CodeCache: size=245760Kb used=34765Kb max_used=34765Kb free=210994Kb
 bounds [0x0000000002a60000, 0x0000000004c80000, 0x0000000011a60000]
 total_blobs=11298 nmethods=10409 adapters=800
 compilation: enabled

Compilation events (10 events):
Event: 156.182 Thread 0x00000000173a3000 nmethod 12113 0x0000000004c5f390 code [0x0000000004c5f500, 0x0000000004c5f668]
Event: 156.182 Thread 0x00000000173a3000 12114       3       org.codehaus.groovy.runtime.typehandling.DefaultTypeTransformation::box (14 bytes)
Event: 156.182 Thread 0x00000000173a3000 nmethod 12114 0x0000000004c5f710 code [0x0000000004c5f860, 0x0000000004c5f9f0]
Event: 156.182 Thread 0x00000000173a3000 12115       3       org.gradle.internal.extensibility.DefaultExtraPropertiesExtension::has (11 bytes)
Event: 156.183 Thread 0x00000000173a3000 nmethod 12115 0x0000000004c5fa90 code [0x0000000004c5fc00, 0x0000000004c5fe28]
Event: 156.183 Thread 0x00000000173a3000 12116       3       org.codehaus.groovy.reflection.ParameterTypes::coerceArgumentsToClasses (55 bytes)
Event: 156.183 Thread 0x00000000173a3000 nmethod 12116 0x0000000004c5ff10 code [0x0000000004c600a0, 0x0000000004c605f8]
Event: 156.183 Thread 0x00000000173a3000 12118       3       groovy.lang.MetaClassImpl::invokeMethod (14 bytes)
Event: 156.183 Thread 0x00000000173a3000 nmethod 12118 0x0000000004c60850 code [0x0000000004c609c0, 0x0000000004c60c08]
Event: 156.183 Thread 0x00000000173a3000 12117       1       org.gradle.internal.extensibility.DefaultConvention::getExtensionsAsDynamicObject (5 bytes)

GC Heap History (10 events):
Event: 136.074 GC heap before
{Heap before GC invocations=16 (full 3):
 PSYoungGen      total 231936K, used 15871K [0x00000000eab00000, 0x00000000fa880000, 0x0000000100000000)
  eden space 216064K, 0% used [0x00000000eab00000,0x00000000eab00000,0x00000000f7e00000)
  from space 15872K, 99% used [0x00000000f7e00000,0x00000000f8d7fd08,0x00000000f8d80000)
  to   space 20480K, 0% used [0x00000000f9480000,0x00000000f9480000,0x00000000fa880000)
 ParOldGen       total 145408K, used 22811K [0x00000000c0000000, 0x00000000c8e00000, 0x00000000eab00000)
  object space 145408K, 15% used [0x00000000c0000000,0x00000000c1646e20,0x00000000c8e00000)
 Metaspace       used 56656K, capacity 58928K, committed 59028K, reserved 1099776K
  class space    used 7375K, capacity 7811K, committed 7868K, reserved 1048576K
Event: 136.539 GC heap after
Heap after GC invocations=16 (full 3):
 PSYoungGen      total 231936K, used 0K [0x00000000eab00000, 0x00000000fa880000, 0x0000000100000000)
  eden space 216064K, 0% used [0x00000000eab00000,0x00000000eab00000,0x00000000f7e00000)
  from space 15872K, 0% used [0x00000000f7e00000,0x00000000f7e00000,0x00000000f8d80000)
  to   space 20480K, 0% used [0x00000000f9480000,0x00000000f9480000,0x00000000fa880000)
 ParOldGen       total 218112K, used 36527K [0x00000000c0000000, 0x00000000cd500000, 0x00000000eab00000)
  object space 218112K, 16% used [0x00000000c0000000,0x00000000c23abd20,0x00000000cd500000)
 Metaspace       used 56574K, capacity 58748K, committed 59028K, reserved 1099776K
  class space    used 7349K, capacity 7772K, committed 7868K, reserved 1048576K
}
Event: 144.184 GC heap before
{Heap before GC invocations=17 (full 3):
 PSYoungGen      total 231936K, used 216064K [0x00000000eab00000, 0x00000000fa880000, 0x0000000100000000)
  eden space 216064K, 100% used [0x00000000eab00000,0x00000000f7e00000,0x00000000f7e00000)
  from space 15872K, 0% used [0x00000000f7e00000,0x00000000f7e00000,0x00000000f8d80000)
  to   space 20480K, 0% used [0x00000000f9480000,0x00000000f9480000,0x00000000fa880000)
 ParOldGen       total 218112K, used 36527K [0x00000000c0000000, 0x00000000cd500000, 0x00000000eab00000)
  object space 218112K, 16% used [0x00000000c0000000,0x00000000c23abd20,0x00000000cd500000)
 Metaspace       used 70776K, capacity 73694K, committed 74004K, reserved 1114112K
  class space    used 9339K, capacity 9944K, committed 10044K, reserved 1048576K
Event: 144.206 GC heap after
Heap after GC invocations=17 (full 3):
 PSYoungGen      total 235520K, used 20462K [0x00000000eab00000, 0x00000000fd800000, 0x0000000100000000)
  eden space 215040K, 0% used [0x00000000eab00000,0x00000000eab00000,0x00000000f7d00000)
  from space 20480K, 99% used [0x00000000f9480000,0x00000000fa87b850,0x00000000fa880000)
  to   space 24064K, 0% used [0x00000000f7d00000,0x00000000f7d00000,0x00000000f9480000)
 ParOldGen       total 218112K, used 39265K [0x00000000c0000000, 0x00000000cd500000, 0x00000000eab00000)
  object space 218112K, 18% used [0x00000000c0000000,0x00000000c2658408,0x00000000cd500000)
 Metaspace       used 70776K, capacity 73694K, committed 74004K, reserved 1114112K
  class space    used 9339K, capacity 9944K, committed 10044K, reserved 1048576K
}
Event: 150.881 GC heap before
{Heap before GC invocations=18 (full 3):
 PSYoungGen      total 235520K, used 235502K [0x00000000eab00000, 0x00000000fd800000, 0x0000000100000000)
  eden space 215040K, 100% used [0x00000000eab00000,0x00000000f7d00000,0x00000000f7d00000)
  from space 20480K, 99% used [0x00000000f9480000,0x00000000fa87b850,0x00000000fa880000)
  to   space 24064K, 0% used [0x00000000f7d00000,0x00000000f7d00000,0x00000000f9480000)
 ParOldGen       total 218112K, used 39265K [0x00000000c0000000, 0x00000000cd500000, 0x00000000eab00000)
  object space 218112K, 18% used [0x00000000c0000000,0x00000000c2658408,0x00000000cd500000)
 Metaspace       used 81144K, capacity 85618K, committed 85780K, reserved 1124352K
  class space    used 10961K, capacity 11764K, committed 11836K, reserved 1048576K
Event: 150.913 GC heap after
Heap after GC invocations=18 (full 3):
 PSYoungGen      total 239104K, used 24044K [0x00000000eab00000, 0x00000000fdf80000, 0x0000000100000000)
  eden space 215040K, 0% used [0x00000000eab00000,0x00000000eab00000,0x00000000f7d00000)
  from space 24064K, 99% used [0x00000000f7d00000,0x00000000f947b210,0x00000000f9480000)
  to   space 29184K, 0% used [0x00000000fc300000,0x00000000fc300000,0x00000000fdf80000)
 ParOldGen       total 218112K, used 44837K [0x00000000c0000000, 0x00000000cd500000, 0x00000000eab00000)
  object space 218112K, 20% used [0x00000000c0000000,0x00000000c2bc96b8,0x00000000cd500000)
 Metaspace       used 81144K, capacity 85618K, committed 85780K, reserved 1124352K
  class space    used 10961K, capacity 11764K, committed 11836K, reserved 1048576K
}
Event: 152.117 GC heap before
{Heap before GC invocations=19 (full 3):
 PSYoungGen      total 239104K, used 239084K [0x00000000eab00000, 0x00000000fdf80000, 0x0000000100000000)
  eden space 215040K, 100% used [0x00000000eab00000,0x00000000f7d00000,0x00000000f7d00000)
  from space 24064K, 99% used [0x00000000f7d00000,0x00000000f947b210,0x00000000f9480000)
  to   space 29184K, 0% used [0x00000000fc300000,0x00000000fc300000,0x00000000fdf80000)
 ParOldGen       total 218112K, used 46886K [0x00000000c0000000, 0x00000000cd500000, 0x00000000eab00000)
  object space 218112K, 21% used [0x00000000c0000000,0x00000000c2dc9bf0,0x00000000cd500000)
 Metaspace       used 82272K, capacity 86746K, committed 86804K, reserved 1124352K
  class space    used 11041K, capacity 11832K, committed 11836K, reserved 1048576K
Event: 152.172 GC heap after
Heap after GC invocations=19 (full 3):
 PSYoungGen      total 282624K, used 29163K [0x00000000eab00000, 0x0000000100000000, 0x0000000100000000)
  eden space 253440K, 0% used [0x00000000eab00000,0x00000000eab00000,0x00000000fa280000)
  from space 29184K, 99% used [0x00000000fc300000,0x00000000fdf7adb8,0x00000000fdf80000)
  to   space 33280K, 0% used [0x00000000fa280000,0x00000000fa280000,0x00000000fc300000)
 ParOldGen       total 218112K, used 47347K [0x00000000c0000000, 0x00000000cd500000, 0x00000000eab00000)
  object space 218112K, 21% used [0x00000000c0000000,0x00000000c2e3cf38,0x00000000cd500000)
 Metaspace       used 82272K, capacity 86746K, committed 86804K, reserved 1124352K
  class space    used 11041K, capacity 11832K, committed 11836K, reserved 1048576K
}
Event: 153.745 GC heap before
{Heap before GC invocations=20 (full 3):
 PSYoungGen      total 282624K, used 282603K [0x00000000eab00000, 0x0000000100000000, 0x0000000100000000)
  eden space 253440K, 100% used [0x00000000eab00000,0x00000000fa280000,0x00000000fa280000)
  from space 29184K, 99% used [0x00000000fc300000,0x00000000fdf7adb8,0x00000000fdf80000)
  to   space 33280K, 0% used [0x00000000fa280000,0x00000000fa280000,0x00000000fc300000)
 ParOldGen       total 218112K, used 47356K [0x00000000c0000000, 0x00000000cd500000, 0x00000000eab00000)
  object space 218112K, 21% used [0x00000000c0000000,0x00000000c2e3f0b0,0x00000000cd500000)
 Metaspace       used 83623K, capacity 88194K, committed 88340K, reserved 1126400K
  class space    used 11209K, capacity 12030K, committed 12092K, reserved 1048576K
Event: 153.785 GC heap after
Heap after GC invocations=20 (full 3):
 PSYoungGen      total 286720K, used 16397K [0x00000000eab00000, 0x0000000100000000, 0x0000000100000000)
  eden space 253440K, 0% used [0x00000000eab00000,0x00000000eab00000,0x00000000fa280000)
  from space 33280K, 49% used [0x00000000fa280000,0x00000000fb2834e0,0x00000000fc300000)
  to   space 31744K, 0% used [0x00000000fe100000,0x00000000fe100000,0x0000000100000000)
 ParOldGen       total 218112K, used 58242K [0x00000000c0000000, 0x00000000cd500000, 0x00000000eab00000)
  object space 218112K, 26% used [0x00000000c0000000,0x00000000c38e0b30,0x00000000cd500000)
 Metaspace       used 83623K, capacity 88194K, committed 88340K, reserved 1126400K
  class space    used 11209K, capacity 12030K, committed 12092K, reserved 1048576K
}

Deoptimization events (10 events):
Event: 154.750 Thread 0x0000000019d7a800 Uncommon trap: reason=array_check action=maybe_recompile pc=0x000000000457347c method=com.google.common.collect.ImmutableSet.construct(I[Ljava/lang/Object;)Lcom/google/common/collect/ImmutableSet; @ 122
Event: 154.864 Thread 0x0000000019d7a800 Uncommon trap: reason=array_check action=maybe_recompile pc=0x000000000457347c method=com.google.common.collect.ImmutableSet.construct(I[Ljava/lang/Object;)Lcom/google/common/collect/ImmutableSet; @ 122
Event: 155.511 Thread 0x0000000019d7a800 Uncommon trap: reason=class_check action=maybe_recompile pc=0x0000000002b9e208 method=com.google.common.io.CountingInputStream.read()I @ 4
Event: 155.511 Thread 0x0000000019d7a800 Uncommon trap: reason=class_check action=maybe_recompile pc=0x0000000002b9e208 method=com.google.common.io.CountingInputStream.read()I @ 4
Event: 155.511 Thread 0x0000000019d7a800 Uncommon trap: reason=class_check action=maybe_recompile pc=0x0000000002b9e208 method=com.google.common.io.CountingInputStream.read()I @ 4
Event: 155.511 Thread 0x0000000019d7a800 Uncommon trap: reason=class_check action=maybe_recompile pc=0x0000000002b9e208 method=com.google.common.io.CountingInputStream.read()I @ 4
Event: 155.557 Thread 0x0000000019d7a800 Uncommon trap: reason=unstable_if action=reinterpret pc=0x00000000037d2f78 method=com.esotericsoftware.kryo.io.Input.require(I)I @ 65
Event: 155.838 Thread 0x0000000019d7a800 Uncommon trap: reason=unstable_if action=reinterpret pc=0x0000000003b31f1c method=com.esotericsoftware.kryo.io.Output.writeBoolean(Z)V @ 8
Event: 155.896 Thread 0x000000001cd04000 Uncommon trap: reason=unstable_if action=reinterpret pc=0x0000000003847470 method=java.util.concurrent.locks.ReentrantLock$Sync.nonfairTryAcquire(I)Z @ 19
Event: 155.896 Thread 0x000000001cd08000 Uncommon trap: reason=unstable_if action=reinterpret pc=0x0000000003849270 method=java.util.concurrent.locks.ReentrantLock$Sync.nonfairTryAcquire(I)Z @ 19

Classes redefined (0 events):
No events

Internal exceptions (10 events):
Event: 156.133 Thread 0x0000000019d7a800 Exception <a 'java/lang/ClassNotFoundException': org/gradle/plugins/ide/idea/IdeaPluginBeanInfo> (0x00000000f3a92290) thrown at [C:\src\AOSP-openjdk-git\hotspot\src\share\vm\classfile\systemDictionary.cpp, line 210]
Event: 156.134 Thread 0x0000000019d7a800 Exception <a 'java/lang/ClassNotFoundException': org/gradle/plugins/ide/internal/IdePluginBeanInfo> (0x00000000f3ab97d8) thrown at [C:\src\AOSP-openjdk-git\hotspot\src\share\vm\classfile\systemDictionary.cpp, line 210]
Event: 156.135 Thread 0x0000000019d7a800 Exception <a 'java/lang/ClassNotFoundException': org/gradle/plugins/ide/internal/IdePluginCustomizer> (0x00000000f3ae2d88) thrown at [C:\src\AOSP-openjdk-git\hotspot\src\share\vm\classfile\systemDictionary.cpp, line 210]
Event: 156.136 Thread 0x0000000019d7a800 Exception <a 'java/lang/ClassNotFoundException': org/gradle/plugins/ide/idea/IdeaPluginCustomizer> (0x00000000f3b16ed8) thrown at [C:\src\AOSP-openjdk-git\hotspot\src\share\vm\classfile\systemDictionary.cpp, line 210]
Event: 156.170 Thread 0x0000000019d7a800 Exception <a 'java/lang/ClassNotFoundException': org/gradle/plugins/ide/idea/model/IdeaModel_DecoratedBeanInfo> (0x00000000f3b80ab8) thrown at [C:\src\AOSP-openjdk-git\hotspot\src\share\vm\classfile\systemDictionary.cpp, line 210]
Event: 156.171 Thread 0x0000000019d7a800 Exception <a 'java/lang/ClassNotFoundException': org/gradle/plugins/ide/idea/model/IdeaModelBeanInfo> (0x00000000f3baa8e8) thrown at [C:\src\AOSP-openjdk-git\hotspot\src\share\vm\classfile\systemDictionary.cpp, line 210]
Event: 156.171 Thread 0x0000000019d7a800 Exception <a 'java/lang/ClassNotFoundException': org/gradle/plugins/ide/idea/model/IdeaModelCustomizer> (0x00000000f3bd4e60) thrown at [C:\src\AOSP-openjdk-git\hotspot\src\share\vm\classfile\systemDictionary.cpp, line 210]
Event: 156.172 Thread 0x0000000019d7a800 Exception <a 'java/lang/ClassNotFoundException': org/gradle/plugins/ide/idea/model/IdeaModel_DecoratedCustomizer> (0x00000000f3c1cba0) thrown at [C:\src\AOSP-openjdk-git\hotspot\src\share\vm\classfile\systemDictionary.cpp, line 210]
Event: 156.176 Thread 0x0000000019d7a800 Exception <a 'java/lang/ClassNotFoundException': org/jetbrains/plugins/gradle/tooling/util/JavaPluginUtilBeanInfo> (0x00000000f3c83528) thrown at [C:\src\AOSP-openjdk-git\hotspot\src\share\vm\classfile\systemDictionary.cpp, line 210]
Event: 156.177 Thread 0x0000000019d7a800 Exception <a 'java/lang/ClassNotFoundException': org/jetbrains/plugins/gradle/tooling/util/JavaPluginUtilCustomizer> (0x00000000f3c96448) thrown at [C:\src\AOSP-openjdk-git\hotspot\src\share\vm\classfile\systemDictionary.cpp, line 210]

Events (10 events):
Event: 156.176 loading class org/jetbrains/plugins/gradle/tooling/util/JavaPluginUtilBeanInfo
Event: 156.176 loading class org/jetbrains/plugins/gradle/tooling/util/JavaPluginUtilBeanInfo done
Event: 156.176 loading class org/jetbrains/plugins/gradle/tooling/util/JavaPluginUtilBeanInfo
Event: 156.176 loading class org/jetbrains/plugins/gradle/tooling/util/JavaPluginUtilBeanInfo done
Event: 156.176 loading class org/jetbrains/plugins/gradle/tooling/util/JavaPluginUtilCustomizer
Event: 156.176 loading class org/jetbrains/plugins/gradle/tooling/util/JavaPluginUtilCustomizer done
Event: 156.176 loading class org/jetbrains/plugins/gradle/tooling/util/JavaPluginUtilCustomizer
Event: 156.176 loading class org/jetbrains/plugins/gradle/tooling/util/JavaPluginUtilCustomizer done
Event: 156.176 loading class org/jetbrains/plugins/gradle/tooling/util/JavaPluginUtilCustomizer
Event: 156.176 loading class org/jetbrains/plugins/gradle/tooling/util/JavaPluginUtilCustomizer done


Dynamic libraries:
0x00007ff6197f0000 - 0x00007ff619821000 	D:\Android Studio\jre\bin\java.exe
0x00007ffaeba70000 - 0x00007ffaebc51000 	C:\Windows\SYSTEM32\ntdll.dll
0x00007ffaea9d0000 - 0x00007ffaeaa82000 	C:\Windows\System32\KERNEL32.DLL
0x00007ffae8bb0000 - 0x00007ffae8e23000 	C:\Windows\System32\KERNELBASE.dll
0x00007ffaeb8f0000 - 0x00007ffaeb991000 	C:\Windows\System32\ADVAPI32.dll
0x00007ffaeabf0000 - 0x00007ffaeac8e000 	C:\Windows\System32\msvcrt.dll
0x00007ffaeb890000 - 0x00007ffaeb8eb000 	C:\Windows\System32\sechost.dll
0x00007ffae90d0000 - 0x00007ffae91f4000 	C:\Windows\System32\RPCRT4.dll
0x00007ffaeb030000 - 0x00007ffaeb1c0000 	C:\Windows\System32\USER32.dll
0x00007ffae8ee0000 - 0x00007ffae8f00000 	C:\Windows\System32\win32u.dll
0x00007ffaeb9a0000 - 0x00007ffaeb9c8000 	C:\Windows\System32\GDI32.dll
0x00007ffae86f0000 - 0x00007ffae8882000 	C:\Windows\System32\gdi32full.dll
0x00007ffae8550000 - 0x00007ffae85ef000 	C:\Windows\System32\msvcp_win.dll
0x00007ffae85f0000 - 0x00007ffae86ea000 	C:\Windows\System32\ucrtbase.dll
0x00007ffada820000 - 0x00007ffadaa89000 	C:\Windows\WinSxS\amd64_microsoft.windows.common-controls_6595b64144ccf1df_6.0.17134.48_none_b4b2216a3cb4dd3e\COMCTL32.dll
0x00007ffaead00000 - 0x00007ffaeb023000 	C:\Windows\System32\combase.dll
0x00007ffae8b30000 - 0x00007ffae8baa000 	C:\Windows\System32\bcryptPrimitives.dll
0x00007ffae8f00000 - 0x00007ffae8f2d000 	C:\Windows\System32\IMM32.DLL
0x00000000649f0000 - 0x0000000064ac2000 	D:\Android Studio\jre\jre\bin\msvcr100.dll
0x0000000064b10000 - 0x000000006535b000 	D:\Android Studio\jre\jre\bin\server\jvm.dll
0x00007ffaeb1c0000 - 0x00007ffaeb1c8000 	C:\Windows\System32\PSAPI.DLL
0x00007ffae6990000 - 0x00007ffae6999000 	C:\Windows\SYSTEM32\WSOCK32.dll
0x00007ffae0b60000 - 0x00007ffae0b83000 	C:\Windows\SYSTEM32\WINMM.dll
0x00007ffae26f0000 - 0x00007ffae26fa000 	C:\Windows\SYSTEM32\VERSION.dll
0x00007ffaeac90000 - 0x00007ffaeacfc000 	C:\Windows\System32\WS2_32.dll
0x00007ffae0b30000 - 0x00007ffae0b5a000 	C:\Windows\SYSTEM32\WINMMBASE.dll
0x00007ffae8e90000 - 0x00007ffae8ed9000 	C:\Windows\System32\cfgmgr32.dll
0x00007ffae4040000 - 0x00007ffae404f000 	D:\Android Studio\jre\jre\bin\verify.dll
0x00007ffad92c0000 - 0x00007ffad92e9000 	D:\Android Studio\jre\jre\bin\java.dll
0x00007ffada610000 - 0x00007ffada626000 	D:\Android Studio\jre\jre\bin\zip.dll
0x00007ffae9530000 - 0x00007ffaea970000 	C:\Windows\System32\SHELL32.dll
0x00007ffae9300000 - 0x00007ffae93a9000 	C:\Windows\System32\shcore.dll
0x00007ffae7e40000 - 0x00007ffae854d000 	C:\Windows\System32\windows.storage.dll
0x00007ffaeb3e0000 - 0x00007ffaeb431000 	C:\Windows\System32\shlwapi.dll
0x00007ffae7e00000 - 0x00007ffae7e11000 	C:\Windows\System32\kernel.appcore.dll
0x00007ffae7e20000 - 0x00007ffae7e3f000 	C:\Windows\System32\profapi.dll
0x00007ffae7d80000 - 0x00007ffae7dcc000 	C:\Windows\System32\powrprof.dll
0x00007ffae7dd0000 - 0x00007ffae7dda000 	C:\Windows\System32\FLTLIB.DLL
0x00007ffad8c70000 - 0x00007ffad8c8a000 	D:\Android Studio\jre\jre\bin\net.dll
0x00007ffae7600000 - 0x00007ffae7666000 	C:\Windows\system32\mswsock.dll
0x00007ffad8c50000 - 0x00007ffad8c63000 	D:\Android Studio\jre\jre\bin\nio.dll
0x00007ffad5160000 - 0x00007ffad5187000 	C:\Users\Achmad Khodzim\.gradle\native\f6784746aeab05261644944871eae4fe03e0ef1612fff0a4a95f87b438bc6780\windows-amd64\native-platform.dll
0x00007ffae1bd0000 - 0x00007ffae1bdd000 	D:\Android Studio\jre\jre\bin\management.dll
0x00007ffae77b0000 - 0x00007ffae77c7000 	C:\Windows\SYSTEM32\CRYPTSP.dll
0x00007ffae71e0000 - 0x00007ffae7213000 	C:\Windows\system32\rsaenh.dll
0x00007ffae78e0000 - 0x00007ffae7905000 	C:\Windows\SYSTEM32\bcrypt.dll
0x00007ffae7c80000 - 0x00007ffae7ca8000 	C:\Windows\SYSTEM32\USERENV.dll
0x00007ffae77d0000 - 0x00007ffae77db000 	C:\Windows\SYSTEM32\CRYPTBASE.dll
0x00007ffae7380000 - 0x00007ffae73b8000 	C:\Windows\SYSTEM32\IPHLPAPI.DLL
0x00007ffae92f0000 - 0x00007ffae92f8000 	C:\Windows\System32\NSI.dll
0x00007ffadf1d0000 - 0x00007ffadf1e6000 	C:\Windows\SYSTEM32\dhcpcsvc6.DLL
0x00007ffadfbe0000 - 0x00007ffadfbfa000 	C:\Windows\SYSTEM32\dhcpcsvc.DLL
0x00007ffae0170000 - 0x00007ffae017b000 	C:\Windows\SYSTEM32\WINNSI.DLL
0x00007ffad66b0000 - 0x00007ffad66d4000 	D:\Android Studio\jre\jre\bin\sunec.dll
0x00007ffae73c0000 - 0x00007ffae747e000 	C:\Windows\SYSTEM32\DNSAPI.dll
0x0000000065ac0000 - 0x0000000065af5000 	C:\Program Files\Bonjour\mdnsNSP.dll
0x00007ffadadb0000 - 0x00007ffadadba000 	C:\Windows\System32\rasadhlp.dll
0x00007ffad9b40000 - 0x00007ffad9bb2000 	C:\Windows\System32\fwpuclnt.dll
0x00007ffadafa0000 - 0x00007ffadafab000 	D:\Android Studio\jre\jre\bin\sunmscapi.dll
0x00007ffae8940000 - 0x00007ffae8b22000 	C:\Windows\System32\CRYPT32.dll
0x00007ffae7de0000 - 0x00007ffae7df2000 	C:\Windows\System32\MSASN1.dll
0x00007ffae6e70000 - 0x00007ffae6ea1000 	C:\Windows\SYSTEM32\ntmarta.dll

VM Arguments:
jvm_args: -Xmx1024m -Dfile.encoding=UTF-8 -Duser.country=ID -Duser.language=en -Duser.variant 
java_command: org.gradle.launcher.daemon.bootstrap.GradleDaemon 6.5
java_class_path (initial): C:\Users\Achmad Khodzim\.gradle\wrapper\dists\gradle-6.5-bin\6nifqtx7604sqp1q6g8wikw7p\gradle-6.5\lib\gradle-launcher-6.5.jar
Launcher Type: SUN_STANDARD

Environment Variables:
JAVA_HOME=C:\Program Files\Zulu\zulu-8
USERNAME=Ojim
OS=Windows_NT
PROCESSOR_IDENTIFIER=Intel64 Family 6 Model 94 Stepping 3, GenuineIntel



---------------  S Y S T E M  ---------------

OS: Windows 10.0 , 64 bit Build 17134 (10.0.17134.1)

CPU:total 8 (initial active 8) (4 cores per cpu, 2 threads per core) family 6 model 94 stepping 3, cmov, cx8, fxsr, mmx, sse, sse2, sse3, ssse3, sse4.1, sse4.2, popcnt, avx, avx2, aes, clmul, erms, rtm, 3dnowpref, lzcnt, ht, tsc, tscinvbit, bmi1, bmi2, adx

Memory: 4k page, physical 16571928k(2923276k free), swap 33250840k(5860k free)

vm_info: OpenJDK 64-Bit Server VM (25.242-b01) for windows-amd64 JRE (1.8.0_242-release-1644-b01), built by "builder" with MS VC++ 10.0 (VS2010)

time: Tue Jun 01 21:10:22 2021
timezone: SE Asia Standard Time
elapsed time: 156 seconds (0d 0h 2m 36s)

